SF:lib\screens\bmr\bloc\bmr_bloc.dart
DA:6,3
DA:7,2
DA:8,4
DA:11,2
DA:12,1
DA:13,2
DA:14,1
DA:15,1
DA:16,1
DA:21,2
DA:22,5
DA:25,2
DA:26,4
DA:29,2
DA:30,1
DA:33,1
DA:34,1
DA:36,2
DA:37,2
DA:38,2
DA:39,2
DA:40,2
DA:41,2
DA:42,2
DA:48,1
DA:50,3
DA:51,1
DA:53,3
DA:54,1
DA:55,4
DA:56,0
DA:59,4
DA:60,0
DA:61,0
DA:62,0
DA:63,0
DA:65,3
DA:66,1
DA:69,1
DA:70,1
DA:74,3
DA:75,6
DA:77,0
DA:82,0
DA:83,0
LF:45
LH:37
end_of_record
SF:lib\screens\bmr\bloc\bmr_event.dart
DA:5,1
DA:12,1
DA:22,1
DA:27,1
LF:4
LH:4
end_of_record
SF:lib\screens\bmr\bloc\bmr_state.dart
DA:10,1
DA:20,1
DA:29,1
DA:30,1
DA:31,1
DA:32,1
DA:33,1
DA:34,1
DA:35,1
DA:36,1
DA:44,1
LF:11
LH:11
end_of_record
SF:lib\screens\body_fat\bloc\body_fat_state.dart
DA:16,3
DA:24,1
DA:31,1
DA:32,1
DA:33,1
DA:34,1
DA:40,1
DA:41,6
LF:8
LH:8
end_of_record
SF:lib\screens\body_fat\bloc\body_fat_cubit.dart
DA:5,2
DA:7,1
DA:8,3
DA:11,1
DA:12,3
DA:15,1
DA:16,3
DA:19,1
DA:26,3
DA:27,1
DA:29,0
DA:30,0
DA:31,0
DA:34,1
DA:35,3
DA:36,0
DA:39,2
DA:40,3
DA:44,1
DA:45,1
DA:48,1
DA:50,1
DA:52,0
DA:58,3
LF:24
LH:19
end_of_record
SF:lib\screens\body_frame\bloc\body_frame_state.dart
DA:16,3
DA:24,1
DA:31,1
DA:32,1
DA:33,1
DA:34,1
DA:40,1
DA:41,6
LF:8
LH:8
end_of_record
SF:lib\screens\body_frame\bloc\body_frame_cubit.dart
DA:5,2
DA:7,1
DA:8,3
DA:11,1
DA:12,3
DA:15,1
DA:16,3
DA:19,1
DA:28,3
DA:29,1
DA:31,0
DA:32,0
DA:33,0
DA:37,1
DA:38,3
DA:40,2
DA:41,3
DA:45,1
DA:48,3
DA:49,1
DA:51,0
DA:57,1
DA:59,1
DA:66,3
LF:24
LH:20
end_of_record
SF:lib\screens\calories_burned\bloc\calories_burned_bloc.dart
DA:7,3
DA:8,2
DA:9,5
DA:12,2
DA:13,5
DA:15,2
DA:16,4
DA:18,2
DA:19,2
DA:20,2
DA:22,1
DA:26,1
DA:30,3
DA:32,3
DA:33,2
DA:35,0
DA:36,0
DA:38,2
DA:39,2
DA:40,1
DA:41,1
DA:43,1
DA:44,1
DA:45,1
DA:46,1
DA:47,1
DA:52,2
DA:53,1
DA:55,1
DA:56,1
DA:58,2
DA:59,2
DA:60,2
DA:61,2
DA:62,2
DA:69,1
DA:70,2
DA:71,2
DA:72,2
DA:73,2
DA:74,2
DA:76,1
DA:77,1
DA:79,1
DA:82,1
DA:86,2
DA:88,3
DA:90,0
DA:91,0
DA:93,1
DA:95,2
LF:51
LH:47
end_of_record
SF:lib\screens\calories_burned\bloc\calories_burned_event.dart
DA:7,1
DA:14,1
DA:20,1
DA:32,1
LF:4
LH:4
end_of_record
SF:lib\screens\calories_burned\bloc\calories_burned_state.dart
DA:8,1
DA:16,1
DA:23,1
DA:24,1
DA:25,1
DA:26,1
DA:27,1
DA:28,1
DA:36,1
LF:9
LH:9
end_of_record
SF:lib\screens\calorie\bloc\calorie_bloc.dart
DA:7,3
DA:8,2
DA:9,4
DA:12,2
DA:13,1
DA:14,2
DA:15,1
DA:16,1
DA:17,1
DA:22,2
DA:23,5
DA:26,2
DA:27,4
DA:29,2
DA:30,4
DA:33,2
DA:34,1
DA:37,1
DA:38,1
DA:40,2
DA:41,2
DA:42,2
DA:43,2
DA:44,2
DA:45,2
DA:46,2
DA:47,2
DA:53,1
DA:55,3
DA:56,1
DA:58,3
DA:59,1
DA:60,4
DA:61,0
DA:64,4
DA:65,0
DA:66,0
DA:67,0
DA:68,0
DA:70,3
DA:71,1
DA:74,1
DA:75,1
DA:79,3
DA:80,6
DA:82,0
DA:86,3
DA:89,1
DA:93,0
DA:94,0
LF:50
LH:42
end_of_record
SF:lib\screens\calorie\bloc\calorie_event.dart
DA:7,1
DA:14,1
DA:24,1
DA:29,1
DA:34,1
LF:5
LH:5
end_of_record
SF:lib\screens\calorie\bloc\calorie_state.dart
DA:13,1
DA:24,1
DA:34,1
DA:35,1
DA:36,1
DA:37,1
DA:38,1
DA:39,1
DA:40,1
DA:41,1
DA:42,1
DA:50,1
LF:12
LH:12
end_of_record
SF:lib\screens\calorie\model\activity_level.dart
DA:10,1
DA:12,1
DA:14,1
DA:16,1
DA:18,0
DA:20,0
DA:25,0
DA:27,0
DA:29,0
DA:31,0
DA:33,0
DA:35,0
DA:42,0
DA:44,0
DA:46,0
DA:48,0
DA:50,0
DA:52,0
LF:18
LH:4
end_of_record
SF:lib\screens\chest_hip\bloc\chest_hip_cubit.dart
DA:5,2
DA:7,1
DA:8,3
DA:11,1
DA:12,3
DA:15,1
DA:16,1
DA:17,1
DA:19,2
DA:20,3
DA:24,3
DA:25,1
DA:26,1
DA:29,1
DA:30,1
DA:32,3
DA:35,1
DA:36,1
DA:38,1
DA:40,1
LF:20
LH:20
end_of_record
SF:lib\screens\chest_hip\bloc\chest_hip_state.dart
DA:13,3
DA:20,1
DA:26,1
DA:27,1
DA:28,1
DA:29,1
DA:30,1
DA:34,1
DA:35,5
LF:9
LH:9
end_of_record
SF:lib\screens\ideal_weight\bloc\ideal_weight_cubit.dart
DA:9,1
DA:10,2
DA:11,1
DA:12,3
DA:15,1
DA:16,3
DA:19,1
DA:20,3
DA:23,1
DA:24,3
DA:25,3
DA:28,0
DA:29,0
DA:32,1
DA:33,3
DA:34,1
DA:36,1
DA:39,1
DA:40,1
DA:41,1
DA:44,1
DA:47,1
DA:48,6
DA:52,9
DA:55,2
DA:56,1
DA:59,1
DA:62,1
DA:67,1
DA:68,3
LF:30
LH:28
end_of_record
SF:lib\screens\ideal_weight\bloc\ideal_weight_state.dart
DA:12,1
DA:20,1
DA:27,1
DA:28,1
DA:29,1
DA:30,1
DA:31,1
DA:32,1
LF:8
LH:8
end_of_record
SF:lib\screens\lean_muscle\bloc\lean_muscle_cubit.dart
DA:5,2
DA:7,1
DA:8,3
DA:11,1
DA:12,3
DA:15,1
DA:16,3
DA:19,1
DA:28,3
DA:29,1
DA:31,1
DA:32,1
DA:33,3
DA:36,1
DA:37,4
DA:39,2
DA:40,3
DA:45,3
DA:46,4
DA:48,4
DA:51,3
DA:53,0
LF:22
LH:21
end_of_record
SF:lib\screens\lean_muscle\bloc\lean_muscle_state.dart
DA:15,3
DA:22,1
DA:28,1
DA:29,1
DA:30,1
DA:31,1
DA:36,1
DA:37,5
LF:8
LH:8
end_of_record
SF:lib\screens\mass\bloc\mass_bloc.dart
DA:8,3
DA:9,2
DA:10,4
DA:13,2
DA:14,1
DA:15,2
DA:16,1
DA:17,1
DA:18,1
DA:23,2
DA:24,5
DA:27,2
DA:28,4
DA:31,2
DA:32,1
DA:34,1
DA:36,1
DA:37,1
DA:40,2
DA:41,2
DA:42,2
DA:43,2
DA:44,2
DA:45,2
DA:46,2
DA:52,1
DA:54,3
DA:55,4
DA:56,1
DA:59,4
DA:60,3
DA:61,3
DA:62,2
DA:63,1
DA:65,3
DA:66,1
DA:69,1
DA:74,3
DA:75,2
DA:76,3
DA:78,2
DA:81,2
DA:82,2
DA:87,1
DA:88,1
DA:90,1
DA:92,0
LF:47
LH:46
end_of_record
SF:lib\screens\mass\bloc\mass_event.dart
DA:7,1
DA:14,1
DA:24,1
DA:29,1
LF:4
LH:4
end_of_record
SF:lib\screens\mass\bloc\mass_state.dart
DA:14,1
DA:24,1
DA:33,1
DA:34,1
DA:35,1
DA:36,1
DA:37,1
DA:38,1
DA:39,1
DA:40,1
DA:44,1
DA:45,1
DA:46,1
DA:47,1
DA:48,1
DA:49,1
DA:50,1
DA:51,1
DA:52,1
DA:60,1
LF:20
LH:20
end_of_record
SF:lib\screens\waist_height\bloc\waist_height_cubit.dart
DA:5,2
DA:7,4
DA:8,4
DA:9,4
DA:11,1
DA:16,1
DA:19,3
DA:20,1
DA:22,1
DA:23,1
DA:24,3
DA:27,3
DA:28,1
DA:31,2
DA:32,3
DA:36,1
DA:37,3
DA:39,3
DA:42,1
DA:43,1
DA:45,1
DA:47,0
LF:22
LH:21
end_of_record
SF:lib\screens\waist_height\bloc\waist_height_state.dart
DA:16,3
DA:24,1
DA:25,6
DA:27,1
DA:34,1
DA:37,1
DA:38,1
DA:39,1
LF:8
LH:8
end_of_record
SF:lib\screens\waist_hip\bloc\waist_hip_cubit.dart
DA:5,2
DA:7,4
DA:8,4
DA:10,1
DA:11,1
DA:12,1
DA:14,2
DA:15,3
DA:19,3
DA:20,1
DA:21,1
DA:24,1
DA:25,3
DA:27,3
DA:30,1
DA:31,1
DA:32,1
DA:34,1
LF:18
LH:18
end_of_record
SF:lib\screens\waist_hip\bloc\waist_hip_state.dart
DA:13,3
DA:20,1
DA:26,1
DA:29,1
DA:30,1
DA:34,1
DA:35,5
LF:7
LH:7
end_of_record
SF:lib\screens\weight\bloc\weight_bloc.dart
DA:8,3
DA:9,2
DA:10,2
DA:11,2
DA:12,2
DA:13,1
DA:14,0
DA:16,2
DA:17,2
DA:20,1
DA:24,1
DA:25,1
DA:26,1
DA:27,1
DA:28,1
DA:29,1
DA:30,1
DA:31,2
DA:32,1
DA:33,0
DA:34,0
DA:36,0
DA:40,1
DA:43,1
DA:44,1
DA:46,1
DA:48,1
DA:49,1
DA:60,1
DA:61,1
DA:69,0
DA:73,1
DA:77,1
DA:78,2
DA:79,2
DA:80,1
DA:81,1
DA:82,2
DA:84,1
DA:90,1
DA:94,1
DA:95,2
DA:96,2
DA:99,1
DA:100,2
DA:102,1
DA:105,1
DA:106,2
DA:108,1
DA:114,1
DA:118,1
DA:119,2
DA:120,1
DA:121,2
DA:123,1
DA:128,1
DA:132,1
DA:134,1
DA:135,2
DA:136,1
DA:137,1
DA:138,1
DA:139,1
DA:140,1
DA:141,1
DA:145,2
DA:148,1
DA:152,1
DA:153,2
DA:154,2
LF:70
LH:65
end_of_record
SF:lib\screens\weight\bloc\weight_event.dart
DA:8,1
DA:14,1
DA:20,1
DA:25,0
DA:31,1
LF:5
LH:4
end_of_record
SF:lib\screens\weight\bloc\weight_state.dart
DA:14,1
DA:24,1
DA:25,1
DA:28,1
DA:37,1
DA:38,1
DA:39,1
DA:40,1
DA:41,1
DA:42,1
DA:43,1
DA:44,1
LF:12
LH:12
end_of_record
SF:lib\screens\weight\model\weight_history.dart
DA:6,0
LF:1
LH:0
end_of_record
SF:lib\screens\water\bloc\water_bloc.dart
DA:12,3
DA:13,2
DA:14,2
DA:15,2
DA:16,2
DA:17,2
DA:18,2
DA:21,1
DA:25,1
DA:26,1
DA:28,1
DA:31,2
DA:32,1
DA:33,2
DA:36,6
DA:37,3
DA:38,2
DA:39,1
DA:40,2
DA:47,2
DA:50,1
DA:51,4
DA:52,6
DA:53,3
DA:54,2
DA:56,1
DA:57,2
DA:59,2
DA:61,1
DA:63,1
DA:67,2
DA:69,1
DA:70,1
DA:71,2
DA:72,1
DA:74,1
DA:75,2
DA:81,2
DA:84,1
DA:85,4
DA:88,1
DA:92,1
DA:94,1
DA:95,1
DA:97,2
DA:100,1
DA:104,1
DA:105,1
DA:107,1
DA:108,4
DA:110,1
DA:113,3
DA:114,2
DA:115,2
DA:116,3
DA:117,3
DA:118,3
DA:119,2
DA:120,1
DA:121,1
DA:123,1
DA:124,1
DA:134,6
DA:135,3
DA:136,2
DA:138,1
DA:139,2
DA:148,1
DA:152,1
DA:153,1
DA:156,5
DA:158,2
DA:160,1
DA:163,2
LF:74
LH:74
end_of_record
SF:lib\screens\water\bloc\water_event.dart
DA:5,1
DA:10,1
DA:21,1
LF:3
LH:3
end_of_record
SF:lib\screens\water\bloc\water_state.dart
DA:12,1
DA:21,2
DA:27,1
DA:30,1
DA:38,1
DA:39,1
DA:40,1
DA:41,1
DA:42,1
DA:43,1
DA:44,1
DA:48,1
DA:49,1
DA:50,1
DA:51,1
DA:52,1
DA:53,1
DA:54,1
DA:55,1
LF:19
LH:19
end_of_record
SF:lib\screens\water\model\water_log.dart
DA:7,1
LF:1
LH:1
end_of_record
